This file contains any messages produced by compilers while
running configure, to aid debugging if configure makes a mistake.

It was created by SystemClock configure 1.2, which was
generated by GNU Autoconf 2.69.  Invocation command line was

  $ ./configure 

## --------- ##
## Platform. ##
## --------- ##

hostname = u200776.usa.arm.com
uname -m = x86_64
uname -r = 15.0.0
uname -s = Darwin
uname -v = Darwin Kernel Version 15.0.0: Sat Sep 19 15:53:46 PDT 2015; root:xnu-3247.10.11~1/RELEASE_X86_64

/usr/bin/uname -p = i386
/bin/uname -X     = unknown

/bin/arch              = unknown
/usr/bin/arch -k       = unknown
/usr/convex/getsysinfo = unknown
/usr/bin/hostinfo      = Mach kernel version:
	 Darwin Kernel Version 15.0.0: Sat Sep 19 15:53:46 PDT 2015; root:xnu-3247.10.11~1/RELEASE_X86_64
Kernel configured for up to 4 processors.
2 processors are physically available.
4 processors are logically available.
Processor type: x86_64h (Intel x86-64h Haswell)
Processors active: 0 1 2 3
Primary memory available: 8.00 gigabytes
Default processor set: 320 tasks, 1220 threads, 4 processors
Load average: 1.73, Mach factor: 2.26
/bin/machine           = unknown
/usr/bin/oslevel       = unknown
/bin/universe          = unknown

PATH: /Users/beardj/torch/install/bin
PATH: /Library/Frameworks/Python.framework/Versions/3.5/bin
PATH: /Library/Frameworks/Python.framework/Versions/2.7/bin
PATH: /opt/local/bin
PATH: /opt/local/sbin
PATH: /usr/local/ActivePerl-5.20/bin
PATH: /usr/texbin
PATH: /usr/local/texlive/2011
PATH: /usr/local/texlive
PATH: /usr/local/git/libexec/git-core
PATH: /usr/local/git/bin
PATH: /usr/local/git/lib
PATH: /usr/local/git/share
PATH: /usr/local/git/libexec
PATH: /usr/local/git/Library
PATH: /usr/local/git/contrib
PATH: /usr/local/db
PATH: /bin
PATH: /include
PATH: /usr/local/svn
PATH: /usr/local/svn/include
PATH: /usr/local/svn/bin
PATH: /usr/local/git/libexec/git-core
PATH: /usr/local/git/bin
PATH: /usr/local/git/lib
PATH: /usr/local/git/share
PATH: /usr/local/git/libexec
PATH: /usr/local/git/Library
PATH: /usr/local/git/contrib
PATH: /usr/local/cuda
PATH: /usr/local/bin
PATH: /usr/local/include
PATH: /usr/local/ssl/include
PATH: /usr/local/cuda/bin
PATH: /usr/bin/
PATH: /usr/include
PATH: /usr/lib
PATH: /sbin
PATH: /usr/local/bin
PATH: /usr/bin
PATH: /bin
PATH: /usr/sbin
PATH: /sbin
PATH: /opt/X11/bin
PATH: /usr/local/git/bin
PATH: /usr/local/go/bin
PATH: /usr/local/MacGPG2/bin
PATH: /Library/TeX/texbin


## ----------- ##
## Core tests. ##
## ----------- ##

configure:2508: checking for a BSD-compatible install
configure:2576: result: /usr/bin//install -c
configure:2587: checking whether build environment is sane
configure:2642: result: yes
configure:2793: checking for a thread-safe mkdir -p
configure:2832: result: ./install-sh -c -d
configure:2839: checking for gawk
configure:2855: found /usr/local/bin/gawk
configure:2866: result: gawk
configure:2877: checking whether make sets $(MAKE)
configure:2899: result: yes
configure:2928: checking whether make supports nested variables
configure:2945: result: yes
configure:3183: checking for C++ compiler version
configure:3192: clang++ --version >&5
Apple LLVM version 7.0.0 (clang-700.1.76)
Target: x86_64-apple-darwin15.0.0
Thread model: posix
configure:3203: $? = 0
configure:3192: clang++ -v >&5
Apple LLVM version 7.0.0 (clang-700.1.76)
Target: x86_64-apple-darwin15.0.0
Thread model: posix
configure:3203: $? = 0
configure:3192: clang++ -V >&5
clang: error: argument to '-V' is missing (expected 1 value)
clang: error: no input files
configure:3203: $? = 1
configure:3192: clang++ -qversion >&5
clang: error: unknown argument: '-qversion'
clang: error: no input files
configure:3203: $? = 1
configure:3223: checking whether the C++ compiler works
configure:3245: clang++    conftest.cpp  >&5
configure:3249: $? = 0
configure:3297: result: yes
configure:3300: checking for C++ compiler default output file name
configure:3302: result: a.out
configure:3308: checking for suffix of executables
configure:3315: clang++ -o conftest    conftest.cpp  >&5
configure:3319: $? = 0
configure:3341: result: 
configure:3363: checking whether we are cross compiling
configure:3371: clang++ -o conftest    conftest.cpp  >&5
configure:3375: $? = 0
configure:3382: ./conftest
configure:3386: $? = 0
configure:3401: result: no
configure:3406: checking for suffix of object files
configure:3428: clang++ -c   conftest.cpp >&5
configure:3432: $? = 0
configure:3453: result: o
configure:3457: checking whether we are using the GNU C++ compiler
configure:3476: clang++ -c   conftest.cpp >&5
configure:3476: $? = 0
configure:3485: result: yes
configure:3494: checking whether clang++ accepts -g
configure:3514: clang++ -c -g  conftest.cpp >&5
configure:3514: $? = 0
configure:3555: result: yes
configure:3589: checking for style of include used by make
configure:3617: result: GNU
configure:3643: checking dependency style of clang++
configure:3754: result: gcc3
configure:3798: checking build system type
configure:3812: result: x86_64-apple-darwin15.0.0
configure:3832: checking host system type
configure:3845: result: x86_64-apple-darwin15.0.0
configure:3886: checking how to print strings
configure:3913: result: printf
configure:3982: checking for gcc
configure:4009: result: clang
configure:4238: checking for C compiler version
configure:4247: clang --version >&5
Apple LLVM version 7.0.0 (clang-700.1.76)
Target: x86_64-apple-darwin15.0.0
Thread model: posix
configure:4258: $? = 0
configure:4247: clang -v >&5
Apple LLVM version 7.0.0 (clang-700.1.76)
Target: x86_64-apple-darwin15.0.0
Thread model: posix
configure:4258: $? = 0
configure:4247: clang -V >&5
clang: error: argument to '-V' is missing (expected 1 value)
clang: error: no input files
configure:4258: $? = 1
configure:4247: clang -qversion >&5
clang: error: unknown argument: '-qversion'
clang: error: no input files
configure:4258: $? = 1
configure:4262: checking whether we are using the GNU C compiler
configure:4281: clang -c -O0 -g -std=c99  conftest.c >&5
configure:4281: $? = 0
configure:4290: result: yes
configure:4299: checking whether clang accepts -g
configure:4319: clang -c -g  conftest.c >&5
configure:4319: $? = 0
configure:4360: result: yes
configure:4377: checking for clang option to accept ISO C89
configure:4440: clang  -c -O0 -g -std=c99  conftest.c >&5
configure:4440: $? = 0
configure:4453: result: none needed
configure:4478: checking whether clang understands -c and -o together
configure:4500: clang -c conftest.c -o conftest2.o
configure:4503: $? = 0
configure:4500: clang -c conftest.c -o conftest2.o
configure:4503: $? = 0
configure:4515: result: yes
configure:4534: checking dependency style of clang
configure:4645: result: gcc3
configure:4660: checking for a sed that does not truncate output
configure:4724: result: /usr/bin//sed
configure:4742: checking for grep that handles long lines and -e
configure:4800: result: /usr/local/bin/grep
configure:4805: checking for egrep
configure:4867: result: /usr/local/bin/grep -E
configure:4872: checking for fgrep
configure:4934: result: /usr/local/bin/grep -F
configure:4969: checking for ld used by clang
configure:5036: result: ld
configure:5043: checking if the linker (ld) is GNU ld
configure:5058: result: no
configure:5070: checking for BSD- or MS-compatible name lister (nm)
configure:5124: result: /usr/bin//nm
configure:5254: checking the name lister (/usr/bin//nm) interface
configure:5261: clang -c -O0 -g -std=c99  conftest.c >&5
configure:5264: /usr/bin//nm "conftest.o"
configure:5267: output
00000000000001ec S _some_variable
configure:5274: result: BSD nm
configure:5277: checking whether ln -s works
configure:5281: result: yes
configure:5289: checking the maximum length of command line arguments
configure:5420: result: 196608
configure:5468: checking how to convert x86_64-apple-darwin15.0.0 file names to x86_64-apple-darwin15.0.0 format
configure:5508: result: func_convert_file_noop
configure:5515: checking how to convert x86_64-apple-darwin15.0.0 file names to toolchain format
configure:5535: result: func_convert_file_noop
configure:5542: checking for ld option to reload object files
configure:5549: result: -r
configure:5623: checking for objdump
configure:5653: result: no
configure:5682: checking how to recognize dependent libraries
configure:5882: result: pass_all
configure:5967: checking for dlltool
configure:5997: result: no
configure:6027: checking how to associate runtime and link libraries
configure:6054: result: printf %s\n
configure:6179: checking for archiver @FILE support
configure:6196: clang -c -O0 -g -std=c99  conftest.c >&5
configure:6196: $? = 0
configure:6199: ar cru libconftest.a @conftest.lst >&5
ar: @conftest.lst: No such file or directory
configure:6202: $? = 1
configure:6222: result: no
configure:6280: checking for strip
configure:6296: found /usr/bin//strip
configure:6307: result: strip
configure:6379: checking for ranlib
configure:6395: found /usr/bin//ranlib
configure:6406: result: ranlib
configure:6508: checking command to parse /usr/bin//nm output from clang object
configure:6661: clang -c -O0 -g -std=c99  conftest.c >&5
configure:6664: $? = 0
configure:6668: /usr/bin//nm conftest.o \| sed -n -e 's/^.*[ ]\([BCDEGRST][BCDEGRST]*\)[ ][ ]*\([_A-Za-z][_A-Za-z0-9]*\)$/\1 \2 \2/p' | sed '/ __gnu_lto/d' \> conftest.nm
configure:6671: $? = 0
cannot find nm_test_var in conftest.nm
configure:6661: clang -c -O0 -g -std=c99  conftest.c >&5
configure:6664: $? = 0
configure:6668: /usr/bin//nm conftest.o \| sed -n -e 's/^.*[ ]\([BCDEGRST][BCDEGRST]*\)[ ][ ]*_\([_A-Za-z][_A-Za-z0-9]*\)$/\1 _\2 \2/p' | sed '/ __gnu_lto/d' \> conftest.nm
configure:6671: $? = 0
configure:6737: clang -o conftest -O0 -g -std=c99   conftest.c conftstm.o >&5
warning: (x86_64)  could not find object file symbol for symbol _main
configure:6740: $? = 0
configure:6778: result: ok
configure:6825: checking for sysroot
configure:6855: result: no
configure:6862: checking for a working dd
configure:6900: result: /bin/dd
configure:6904: checking how to truncate binary pipes
configure:6919: result: /bin/dd bs=4096 count=1
configure:7248: checking for mt
configure:7278: result: no
configure:7298: checking if : is a manifest tool
configure:7304: : '-?'
configure:7312: result: no
configure:7368: checking for dsymutil
configure:7384: found /usr/bin//dsymutil
configure:7395: result: dsymutil
configure:7460: checking for nmedit
configure:7476: found /usr/bin//nmedit
configure:7487: result: nmedit
configure:7552: checking for lipo
configure:7568: found /usr/bin//lipo
configure:7579: result: lipo
configure:7644: checking for otool
configure:7660: found /usr/bin//otool
configure:7671: result: otool
configure:7736: checking for otool64
configure:7766: result: no
configure:7811: checking for -single_module linker flag
clang -O0 -g -std=c99  -o libconftest.dylib -dynamiclib -Wl,-single_module conftest.c
configure:7844: result: yes
configure:7847: checking for -exported_symbols_list linker flag
configure:7867: clang -o conftest -O0 -g -std=c99   -Wl,-exported_symbols_list,conftest.sym conftest.c  >&5
configure:7867: $? = 0
configure:7877: result: yes
configure:7880: checking for -force_load linker flag
clang -O0 -g -std=c99 -c -o conftest.o conftest.c
ar cru libconftest.a conftest.o
ranlib libconftest.a
clang -O0 -g -std=c99  -o conftest conftest.c -Wl,-force_load,./libconftest.a
configure:7912: result: yes
configure:7989: checking how to run the C preprocessor
configure:8020: clang -E  conftest.c
configure:8020: $? = 0
configure:8034: clang -E  conftest.c
conftest.c:11:10: fatal error: 'ac_nonexistent.h' file not found
#include <ac_nonexistent.h>
         ^
1 error generated.
configure:8034: $? = 1
configure: failed program was:
| /* confdefs.h */
| #define PACKAGE_NAME "SystemClock"
| #define PACKAGE_TARNAME "systemclock"
| #define PACKAGE_VERSION "1.2"
| #define PACKAGE_STRING "SystemClock 1.2"
| #define PACKAGE_BUGREPORT "jonathan.c.beard@gmail.com"
| #define PACKAGE_URL ""
| #define PACKAGE "systemclock"
| #define VERSION "1.2"
| /* end confdefs.h.  */
| #include <ac_nonexistent.h>
configure:8059: result: clang -E
configure:8079: clang -E  conftest.c
configure:8079: $? = 0
configure:8093: clang -E  conftest.c
conftest.c:11:10: fatal error: 'ac_nonexistent.h' file not found
#include <ac_nonexistent.h>
         ^
1 error generated.
configure:8093: $? = 1
configure: failed program was:
| /* confdefs.h */
| #define PACKAGE_NAME "SystemClock"
| #define PACKAGE_TARNAME "systemclock"
| #define PACKAGE_VERSION "1.2"
| #define PACKAGE_STRING "SystemClock 1.2"
| #define PACKAGE_BUGREPORT "jonathan.c.beard@gmail.com"
| #define PACKAGE_URL ""
| #define PACKAGE "systemclock"
| #define VERSION "1.2"
| /* end confdefs.h.  */
| #include <ac_nonexistent.h>
configure:8122: checking for ANSI C header files
configure:8142: clang -c -O0 -g -std=c99  conftest.c >&5
configure:8142: $? = 0
configure:8215: clang -o conftest -O0 -g -std=c99   conftest.c  >&5
configure:8215: $? = 0
configure:8215: ./conftest
configure:8215: $? = 0
configure:8226: result: yes
configure:8239: checking for sys/types.h
configure:8239: clang -c -O0 -g -std=c99  conftest.c >&5
configure:8239: $? = 0
configure:8239: result: yes
configure:8239: checking for sys/stat.h
configure:8239: clang -c -O0 -g -std=c99  conftest.c >&5
configure:8239: $? = 0
configure:8239: result: yes
configure:8239: checking for stdlib.h
configure:8239: clang -c -O0 -g -std=c99  conftest.c >&5
configure:8239: $? = 0
configure:8239: result: yes
configure:8239: checking for string.h
configure:8239: clang -c -O0 -g -std=c99  conftest.c >&5
configure:8239: $? = 0
configure:8239: result: yes
configure:8239: checking for memory.h
configure:8239: clang -c -O0 -g -std=c99  conftest.c >&5
configure:8239: $? = 0
configure:8239: result: yes
configure:8239: checking for strings.h
configure:8239: clang -c -O0 -g -std=c99  conftest.c >&5
configure:8239: $? = 0
configure:8239: result: yes
configure:8239: checking for inttypes.h
configure:8239: clang -c -O0 -g -std=c99  conftest.c >&5
configure:8239: $? = 0
configure:8239: result: yes
configure:8239: checking for stdint.h
configure:8239: clang -c -O0 -g -std=c99  conftest.c >&5
configure:8239: $? = 0
configure:8239: result: yes
configure:8239: checking for unistd.h
configure:8239: clang -c -O0 -g -std=c99  conftest.c >&5
configure:8239: $? = 0
configure:8239: result: yes
configure:8253: checking for dlfcn.h
configure:8253: clang -c -O0 -g -std=c99  conftest.c >&5
configure:8253: $? = 0
configure:8253: result: yes
configure:8520: checking for objdir
configure:8535: result: .libs
configure:8799: checking if clang supports -fno-rtti -fno-exceptions
configure:8817: clang -c -O0 -g -std=c99  -fno-rtti -fno-exceptions conftest.c >&5
configure:8821: $? = 0
configure:8834: result: yes
configure:9192: checking for clang option to produce PIC
configure:9199: result: -fno-common -DPIC
configure:9207: checking if clang PIC flag -fno-common -DPIC works
configure:9225: clang -c -O0 -g -std=c99  -fno-common -DPIC -DPIC conftest.c >&5
configure:9229: $? = 0
configure:9242: result: yes
configure:9271: checking if clang static flag -static works
configure:9299: result: no
configure:9314: checking if clang supports -c -o file.o
configure:9335: clang -c -O0 -g -std=c99  -o out/conftest2.o conftest.c >&5
configure:9339: $? = 0
configure:9361: result: yes
configure:9369: checking if clang supports -c -o file.o
configure:9416: result: yes
configure:9449: checking whether the clang linker (ld) supports shared libraries
configure:10708: result: yes
configure:10948: checking dynamic linker characteristics
configure:11766: result: darwin15.0.0 dyld
configure:11888: checking how to hardcode library paths into programs
configure:11913: result: immediate
configure:12461: checking whether stripping libraries is possible
configure:12475: result: yes
configure:12501: checking if libtool supports shared libraries
configure:12503: result: yes
configure:12506: checking whether to build shared libraries
configure:12531: result: yes
configure:12534: checking whether to build static libraries
configure:12538: result: yes
configure:12561: checking how to run the C++ preprocessor
configure:12588: clang++ -E  conftest.cpp
configure:12588: $? = 0
configure:12602: clang++ -E  conftest.cpp
conftest.cpp:23:10: fatal error: 'ac_nonexistent.h' file not found
#include <ac_nonexistent.h>
         ^
1 error generated.
configure:12602: $? = 1
configure: failed program was:
| /* confdefs.h */
| #define PACKAGE_NAME "SystemClock"
| #define PACKAGE_TARNAME "systemclock"
| #define PACKAGE_VERSION "1.2"
| #define PACKAGE_STRING "SystemClock 1.2"
| #define PACKAGE_BUGREPORT "jonathan.c.beard@gmail.com"
| #define PACKAGE_URL ""
| #define PACKAGE "systemclock"
| #define VERSION "1.2"
| #define STDC_HEADERS 1
| #define HAVE_SYS_TYPES_H 1
| #define HAVE_SYS_STAT_H 1
| #define HAVE_STDLIB_H 1
| #define HAVE_STRING_H 1
| #define HAVE_MEMORY_H 1
| #define HAVE_STRINGS_H 1
| #define HAVE_INTTYPES_H 1
| #define HAVE_STDINT_H 1
| #define HAVE_UNISTD_H 1
| #define HAVE_DLFCN_H 1
| #define LT_OBJDIR ".libs/"
| /* end confdefs.h.  */
| #include <ac_nonexistent.h>
configure:12627: result: clang++ -E
configure:12647: clang++ -E  conftest.cpp
configure:12647: $? = 0
configure:12661: clang++ -E  conftest.cpp
conftest.cpp:23:10: fatal error: 'ac_nonexistent.h' file not found
#include <ac_nonexistent.h>
         ^
1 error generated.
configure:12661: $? = 1
configure: failed program was:
| /* confdefs.h */
| #define PACKAGE_NAME "SystemClock"
| #define PACKAGE_TARNAME "systemclock"
| #define PACKAGE_VERSION "1.2"
| #define PACKAGE_STRING "SystemClock 1.2"
| #define PACKAGE_BUGREPORT "jonathan.c.beard@gmail.com"
| #define PACKAGE_URL ""
| #define PACKAGE "systemclock"
| #define VERSION "1.2"
| #define STDC_HEADERS 1
| #define HAVE_SYS_TYPES_H 1
| #define HAVE_SYS_STAT_H 1
| #define HAVE_STDLIB_H 1
| #define HAVE_STRING_H 1
| #define HAVE_MEMORY_H 1
| #define HAVE_STRINGS_H 1
| #define HAVE_INTTYPES_H 1
| #define HAVE_STDINT_H 1
| #define HAVE_UNISTD_H 1
| #define HAVE_DLFCN_H 1
| #define LT_OBJDIR ".libs/"
| /* end confdefs.h.  */
| #include <ac_nonexistent.h>
configure:12823: checking for ld used by clang++
configure:12890: result: ld
configure:12897: checking if the linker (ld) is GNU ld
configure:12912: result: no
configure:12967: checking whether the clang++ linker (ld) supports shared libraries
configure:14040: result: yes
configure:14076: clang++ -c -g -O2  conftest.cpp >&5
configure:14079: $? = 0
configure:14560: checking for clang++ option to produce PIC
configure:14567: result: -fno-common -DPIC
configure:14575: checking if clang++ PIC flag -fno-common -DPIC works
configure:14593: clang++ -c -g -O2  -fno-common -DPIC -DPIC conftest.cpp >&5
configure:14597: $? = 0
configure:14610: result: yes
configure:14633: checking if clang++ static flag -static works
configure:14661: result: no
configure:14673: checking if clang++ supports -c -o file.o
configure:14694: clang++ -c -g -O2  -o out/conftest2.o conftest.cpp >&5
configure:14698: $? = 0
configure:14720: result: yes
configure:14725: checking if clang++ supports -c -o file.o
configure:14772: result: yes
configure:14802: checking whether the clang++ linker (ld) supports shared libraries
configure:14842: result: yes
configure:14983: checking dynamic linker characteristics
configure:15728: result: darwin15.0.0 dyld
configure:15793: checking how to hardcode library paths into programs
configure:15818: result: immediate
configure:15919: checking for unistd.h
configure:15919: result: yes
configure:15931: checking for size_t
configure:15931: clang -c -O0 -g -std=c99  conftest.c >&5
configure:15931: $? = 0
configure:15931: clang -c -O0 -g -std=c99  conftest.c >&5
conftest.c:60:21: error: expected expression
if (sizeof ((size_t)))
                    ^
1 error generated.
configure:15931: $? = 1
configure: failed program was:
| /* confdefs.h */
| #define PACKAGE_NAME "SystemClock"
| #define PACKAGE_TARNAME "systemclock"
| #define PACKAGE_VERSION "1.2"
| #define PACKAGE_STRING "SystemClock 1.2"
| #define PACKAGE_BUGREPORT "jonathan.c.beard@gmail.com"
| #define PACKAGE_URL ""
| #define PACKAGE "systemclock"
| #define VERSION "1.2"
| #define STDC_HEADERS 1
| #define HAVE_SYS_TYPES_H 1
| #define HAVE_SYS_STAT_H 1
| #define HAVE_STDLIB_H 1
| #define HAVE_STRING_H 1
| #define HAVE_MEMORY_H 1
| #define HAVE_STRINGS_H 1
| #define HAVE_INTTYPES_H 1
| #define HAVE_STDINT_H 1
| #define HAVE_UNISTD_H 1
| #define HAVE_DLFCN_H 1
| #define LT_OBJDIR ".libs/"
| #define HAVE_UNISTD_H 1
| /* end confdefs.h.  */
| #include <stdio.h>
| #ifdef HAVE_SYS_TYPES_H
| # include <sys/types.h>
| #endif
| #ifdef HAVE_SYS_STAT_H
| # include <sys/stat.h>
| #endif
| #ifdef STDC_HEADERS
| # include <stdlib.h>
| # include <stddef.h>
| #else
| # ifdef HAVE_STDLIB_H
| #  include <stdlib.h>
| # endif
| #endif
| #ifdef HAVE_STRING_H
| # if !defined STDC_HEADERS && defined HAVE_MEMORY_H
| #  include <memory.h>
| # endif
| # include <string.h>
| #endif
| #ifdef HAVE_STRINGS_H
| # include <strings.h>
| #endif
| #ifdef HAVE_INTTYPES_H
| # include <inttypes.h>
| #endif
| #ifdef HAVE_STDINT_H
| # include <stdint.h>
| #endif
| #ifdef HAVE_UNISTD_H
| # include <unistd.h>
| #endif
| int
| main ()
| {
| if (sizeof ((size_t)))
| 	    return 0;
|   ;
|   return 0;
| }
configure:15931: result: yes
configure:15942: checking for uint64_t
configure:15942: clang -c -O0 -g -std=c99  conftest.c >&5
configure:15942: $? = 0
configure:15942: result: yes
configure:16106: checking that generated files are newer than configure
configure:16112: result: done
configure:16147: creating ./config.status

## ---------------------- ##
## Running config.status. ##
## ---------------------- ##

This file was extended by SystemClock config.status 1.2, which was
generated by GNU Autoconf 2.69.  Invocation command line was

  CONFIG_FILES    = 
  CONFIG_HEADERS  = 
  CONFIG_LINKS    = 
  CONFIG_COMMANDS = 
  $ ./config.status 

on u200776.usa.arm.com

config.status:1072: creating Makefile
config.status:1072: creating testsuite/Makefile
config.status:1072: creating src/Makefile
config.status:1244: executing depfiles commands
config.status:1244: executing libtool commands

## ---------------- ##
## Cache variables. ##
## ---------------- ##

ac_cv_build=x86_64-apple-darwin15.0.0
ac_cv_c_compiler_gnu=yes
ac_cv_c_uint64_t=yes
ac_cv_cxx_compiler_gnu=yes
ac_cv_env_CCC_set=
ac_cv_env_CCC_value=
ac_cv_env_CC_set=set
ac_cv_env_CC_value=clang
ac_cv_env_CFLAGS_set=set
ac_cv_env_CFLAGS_value='-O0 -g -std=c99'
ac_cv_env_CPPFLAGS_set=
ac_cv_env_CPPFLAGS_value=
ac_cv_env_CPP_set=
ac_cv_env_CPP_value=
ac_cv_env_CXXCPP_set=
ac_cv_env_CXXCPP_value=
ac_cv_env_CXXFLAGS_set=
ac_cv_env_CXXFLAGS_value=
ac_cv_env_CXX_set=set
ac_cv_env_CXX_value=clang++
ac_cv_env_LDFLAGS_set=
ac_cv_env_LDFLAGS_value=
ac_cv_env_LIBS_set=
ac_cv_env_LIBS_value=
ac_cv_env_LT_SYS_LIBRARY_PATH_set=
ac_cv_env_LT_SYS_LIBRARY_PATH_value=
ac_cv_env_build_alias_set=
ac_cv_env_build_alias_value=
ac_cv_env_host_alias_set=
ac_cv_env_host_alias_value=
ac_cv_env_target_alias_set=
ac_cv_env_target_alias_value=
ac_cv_header_dlfcn_h=yes
ac_cv_header_inttypes_h=yes
ac_cv_header_memory_h=yes
ac_cv_header_stdc=yes
ac_cv_header_stdint_h=yes
ac_cv_header_stdlib_h=yes
ac_cv_header_string_h=yes
ac_cv_header_strings_h=yes
ac_cv_header_sys_stat_h=yes
ac_cv_header_sys_types_h=yes
ac_cv_header_unistd_h=yes
ac_cv_host=x86_64-apple-darwin15.0.0
ac_cv_objext=o
ac_cv_path_EGREP='/usr/local/bin/grep -E'
ac_cv_path_FGREP='/usr/local/bin/grep -F'
ac_cv_path_GREP=/usr/local/bin/grep
ac_cv_path_SED=/usr/bin//sed
ac_cv_path_install='/usr/bin//install -c'
ac_cv_path_lt_DD=/bin/dd
ac_cv_prog_AWK=gawk
ac_cv_prog_CPP='clang -E'
ac_cv_prog_CXXCPP='clang++ -E'
ac_cv_prog_ac_ct_CC=clang
ac_cv_prog_ac_ct_DSYMUTIL=dsymutil
ac_cv_prog_ac_ct_LIPO=lipo
ac_cv_prog_ac_ct_NMEDIT=nmedit
ac_cv_prog_ac_ct_OTOOL=otool
ac_cv_prog_ac_ct_RANLIB=ranlib
ac_cv_prog_ac_ct_STRIP=strip
ac_cv_prog_cc_c89=
ac_cv_prog_cc_g=yes
ac_cv_prog_cxx_g=yes
ac_cv_prog_make_make_set=yes
ac_cv_type_size_t=yes
am_cv_CC_dependencies_compiler_type=gcc3
am_cv_CXX_dependencies_compiler_type=gcc3
am_cv_make_support_nested_variables=yes
am_cv_prog_cc_c_o=yes
lt_cv_apple_cc_single_mod=yes
lt_cv_ar_at_file=no
lt_cv_deplibs_check_method=pass_all
lt_cv_file_magic_cmd='$MAGIC_CMD'
lt_cv_file_magic_test_file=
lt_cv_ld_exported_symbols_list=yes
lt_cv_ld_force_load=yes
lt_cv_ld_reload_flag=-r
lt_cv_nm_interface='BSD nm'
lt_cv_objdir=.libs
lt_cv_path_LD=ld
lt_cv_path_LDCXX=ld
lt_cv_path_NM=/usr/bin//nm
lt_cv_path_mainfest_tool=no
lt_cv_prog_compiler_c_o=yes
lt_cv_prog_compiler_c_o_CXX=yes
lt_cv_prog_compiler_pic='-fno-common -DPIC'
lt_cv_prog_compiler_pic_CXX='-fno-common -DPIC'
lt_cv_prog_compiler_pic_works=yes
lt_cv_prog_compiler_pic_works_CXX=yes
lt_cv_prog_compiler_rtti_exceptions=yes
lt_cv_prog_compiler_static_works=no
lt_cv_prog_compiler_static_works_CXX=no
lt_cv_prog_gnu_ld=no
lt_cv_prog_gnu_ldcxx=no
lt_cv_sharedlib_from_linklib_cmd='printf %s\n'
lt_cv_sys_global_symbol_pipe='sed -n -e '\''s/^.*[	 ]\([BCDEGRST][BCDEGRST]*\)[	 ][	 ]*_\([_A-Za-z][_A-Za-z0-9]*\)$/\1 _\2 \2/p'\'' | sed '\''/ __gnu_lto/d'\'''
lt_cv_sys_global_symbol_to_c_name_address='sed -n -e '\''s/^: \(.*\) .*$/  {"\1", (void *) 0},/p'\'' -e '\''s/^[BCDEGRST][BCDEGRST]* .* \(.*\)$/  {"\1", (void *) \&\1},/p'\'''
lt_cv_sys_global_symbol_to_c_name_address_lib_prefix='sed -n -e '\''s/^: \(.*\) .*$/  {"\1", (void *) 0},/p'\'' -e '\''s/^[BCDEGRST][BCDEGRST]* .* \(lib.*\)$/  {"\1", (void *) \&\1},/p'\'' -e '\''s/^[BCDEGRST][BCDEGRST]* .* \(.*\)$/  {"lib\1", (void *) \&\1},/p'\'''
lt_cv_sys_global_symbol_to_cdecl='sed -n -e '\''s/^T .* \(.*\)$/extern int \1();/p'\'' -e '\''s/^[BCDEGRST][BCDEGRST]* .* \(.*\)$/extern char \1;/p'\'''
lt_cv_sys_global_symbol_to_import=
lt_cv_sys_max_cmd_len=196608
lt_cv_to_host_file_cmd=func_convert_file_noop
lt_cv_to_tool_file_cmd=func_convert_file_noop
lt_cv_truncate_bin='/bin/dd bs=4096 count=1'

## ----------------- ##
## Output variables. ##
## ----------------- ##

ACLOCAL='${SHELL} /Users/beardj/GIT_RPO/SystemClock/missing aclocal-1.14'
AMDEPBACKSLASH='\'
AMDEP_FALSE='#'
AMDEP_TRUE=''
AMTAR='$${TAR-tar}'
AM_BACKSLASH='\'
AM_DEFAULT_V='$(AM_DEFAULT_VERBOSITY)'
AM_DEFAULT_VERBOSITY='1'
AM_V='$(V)'
AR='ar'
AUTOCONF='${SHELL} /Users/beardj/GIT_RPO/SystemClock/missing autoconf'
AUTOHEADER='${SHELL} /Users/beardj/GIT_RPO/SystemClock/missing autoheader'
AUTOMAKE='${SHELL} /Users/beardj/GIT_RPO/SystemClock/missing automake-1.14'
AWK='gawk'
CC='clang'
CCDEPMODE='depmode=gcc3'
CFLAGS='-O0 -g -std=c99'
CPP='clang -E'
CPPFLAGS=''
CXX='clang++'
CXXCPP='clang++ -E'
CXXDEPMODE='depmode=gcc3'
CXXFLAGS='-g -O2'
CYGPATH_W='echo'
DARWIN_FALSE='#'
DARWIN_TRUE=''
DEFS='-DPACKAGE_NAME=\"SystemClock\" -DPACKAGE_TARNAME=\"systemclock\" -DPACKAGE_VERSION=\"1.2\" -DPACKAGE_STRING=\"SystemClock\ 1.2\" -DPACKAGE_BUGREPORT=\"jonathan.c.beard@gmail.com\" -DPACKAGE_URL=\"\" -DPACKAGE=\"systemclock\" -DVERSION=\"1.2\" -DSTDC_HEADERS=1 -DHAVE_SYS_TYPES_H=1 -DHAVE_SYS_STAT_H=1 -DHAVE_STDLIB_H=1 -DHAVE_STRING_H=1 -DHAVE_MEMORY_H=1 -DHAVE_STRINGS_H=1 -DHAVE_INTTYPES_H=1 -DHAVE_STDINT_H=1 -DHAVE_UNISTD_H=1 -DHAVE_DLFCN_H=1 -DLT_OBJDIR=\".libs/\" -DHAVE_UNISTD_H=1'
DEPDIR='.deps'
DLLTOOL='false'
DSYMUTIL='dsymutil'
DUMPBIN=''
ECHO_C='\c'
ECHO_N=''
ECHO_T=''
EGREP='/usr/local/bin/grep -E'
EXEEXT=''
FGREP='/usr/local/bin/grep -F'
GREP='/usr/local/bin/grep'
INSTALL_DATA='${INSTALL} -m 644'
INSTALL_PROGRAM='${INSTALL}'
INSTALL_SCRIPT='${INSTALL}'
INSTALL_STRIP_PROGRAM='$(install_sh) -c -s'
LD='ld'
LDFLAGS=''
LIBOBJS=''
LIBS=''
LIBTOOL='$(SHELL) $(top_builddir)/libtool'
LINUX_FALSE=''
LINUX_TRUE='#'
LIPO='lipo'
LN_S='ln -s'
LTLIBOBJS=''
LT_SYS_LIBRARY_PATH=''
MAKEINFO='${SHELL} /Users/beardj/GIT_RPO/SystemClock/missing makeinfo'
MANIFEST_TOOL=':'
MKDIR_P='./install-sh -c -d'
NM='/usr/bin//nm'
NMEDIT='nmedit'
OBJDUMP='false'
OBJEXT='o'
OTOOL64=':'
OTOOL='otool'
PACKAGE='systemclock'
PACKAGE_BUGREPORT='jonathan.c.beard@gmail.com'
PACKAGE_NAME='SystemClock'
PACKAGE_STRING='SystemClock 1.2'
PACKAGE_TARNAME='systemclock'
PACKAGE_URL=''
PACKAGE_VERSION='1.2'
PATH_SEPARATOR=':'
RANLIB='ranlib'
SED='/usr/bin//sed'
SET_MAKE=''
SHELL='/bin/sh'
STRIP='strip'
VERSION='1.2'
ac_ct_AR=''
ac_ct_CC='clang'
ac_ct_CXX=''
ac_ct_DUMPBIN=''
am__EXEEXT_FALSE=''
am__EXEEXT_TRUE='#'
am__fastdepCC_FALSE='#'
am__fastdepCC_TRUE=''
am__fastdepCXX_FALSE='#'
am__fastdepCXX_TRUE=''
am__include='include'
am__isrc=''
am__leading_dot='.'
am__nodep='_no'
am__quote=''
am__tar='$${TAR-tar} chof - "$$tardir"'
am__untar='$${TAR-tar} xf -'
bindir='${exec_prefix}/bin'
build='x86_64-apple-darwin15.0.0'
build_alias=''
build_cpu='x86_64'
build_os='darwin15.0.0'
build_vendor='apple'
datadir='${datarootdir}'
datarootdir='${prefix}/share'
docdir='${datarootdir}/doc/${PACKAGE_TARNAME}'
dvidir='${docdir}'
exec_prefix='${prefix}'
host='x86_64-apple-darwin15.0.0'
host_alias=''
host_cpu='x86_64'
host_os='darwin15.0.0'
host_vendor='apple'
htmldir='${docdir}'
includedir='${prefix}/include'
infodir='${datarootdir}/info'
install_sh='${SHELL} /Users/beardj/GIT_RPO/SystemClock/install-sh'
libdir='${exec_prefix}/lib'
libexecdir='${exec_prefix}/libexec'
localedir='${datarootdir}/locale'
localstatedir='${prefix}/var'
mandir='${datarootdir}/man'
mkdir_p='$(MKDIR_P)'
oldincludedir='/usr/include'
pdfdir='${docdir}'
prefix='/usr/local'
program_transform_name='s,x,x,'
psdir='${docdir}'
sbindir='${exec_prefix}/sbin'
sharedstatedir='${prefix}/com'
sysconfdir='${prefix}/etc'
target_alias=''

## ----------- ##
## confdefs.h. ##
## ----------- ##

/* confdefs.h */
#define PACKAGE_NAME "SystemClock"
#define PACKAGE_TARNAME "systemclock"
#define PACKAGE_VERSION "1.2"
#define PACKAGE_STRING "SystemClock 1.2"
#define PACKAGE_BUGREPORT "jonathan.c.beard@gmail.com"
#define PACKAGE_URL ""
#define PACKAGE "systemclock"
#define VERSION "1.2"
#define STDC_HEADERS 1
#define HAVE_SYS_TYPES_H 1
#define HAVE_SYS_STAT_H 1
#define HAVE_STDLIB_H 1
#define HAVE_STRING_H 1
#define HAVE_MEMORY_H 1
#define HAVE_STRINGS_H 1
#define HAVE_INTTYPES_H 1
#define HAVE_STDINT_H 1
#define HAVE_UNISTD_H 1
#define HAVE_DLFCN_H 1
#define LT_OBJDIR ".libs/"
#define HAVE_UNISTD_H 1

configure: exit 0
